<?xml version="1.0" encoding="UTF-8"?>
<!-- Generated by org.testng.reporters.JUnitReportReporter -->
<testsuite skipped="0" hostname="j6673234-Inspiron-3542" name="Demo.Day1" tests="1" failures="0" timestamp="26 Mar 2017 06:04:04 GMT" time="7.587" errors="0">
  <testcase name="launchUrl" time="7.587" classname="Demo.Day1"/>
</testsuite> <!-- Demo.Day1 -->
